<?xml version="1.0" encoding="UTF-8"?>
<!-- Generated by org.testng.reporters.JUnitReportReporter -->
<testsuite hostname="LAPTOP-NE55887S" failures="0" tests="2" name="com.ecom.webapp.AmazonHomePageTest" time="14.341" errors="0" timestamp="2021-05-25T00:17:17 IST" skipped="0">
  <testcase classname="com.ecom.webapp.AmazonHomePageTest" name="testAmazonHomePage" time="7.660"/>
  <system-out/>
  <testcase classname="com.ecom.webapp.AmazonHomePageTest" name="testAmazonSourceURL" time="6.681"/>
  <system-out/>
</testsuite> <!-- com.ecom.webapp.AmazonHomePageTest -->
